Starting a Gradle Daemon, 8 stopped Daemons could not be reused, use --status for details
> Task :compileJava UP-TO-DATE
> Task :processResources UP-TO-DATE
> Task :classes UP-TO-DATE
> Task :resolveMainClassName UP-TO-DATE

> Task :bootRun

  .   ____          _            __ _ _
 /\\ / ___'_ __ _ _(_)_ __  __ _ \ \ \ \
( ( )\___ | '_ | '_| | '_ \/ _` | \ \ \ \
 \\/  ___)| |_)| | | | | || (_| |  ) ) ) )
  '  |____| .__|_| |_|_| |_\__, | / / / /
 =========|_|==============|___/=/_/_/_/

 :: Spring Boot ::                (v3.3.3)

2025-06-24T17:33:07.344+05:30  INFO 15291 --- [stayease] [  restartedMain] c.takehome.stayease.StayeaseApplication  : Starting StayeaseApplication using Java 17.0.7 with PID 15291 (/tmp/gradle_builds/stayease/stayease/classes/java/main started by crio-user in /home/crio-user/workspace/ssoumyaprakash45-ME_BUILDOUT_STAYEASE)
2025-06-24T17:33:07.355+05:30  INFO 15291 --- [stayease] [  restartedMain] c.takehome.stayease.StayeaseApplication  : No active profile set, falling back to 1 default profile: "default"
2025-06-24T17:33:07.516+05:30  INFO 15291 --- [stayease] [  restartedMain] .e.DevToolsPropertyDefaultsPostProcessor : Devtools property defaults active! Set 'spring.devtools.add-properties' to 'false' to disable
2025-06-24T17:33:07.517+05:30  INFO 15291 --- [stayease] [  restartedMain] .e.DevToolsPropertyDefaultsPostProcessor : For additional web related logging consider setting the 'logging.level.web' property to 'DEBUG'
2025-06-24T17:33:08.763+05:30  INFO 15291 --- [stayease] [  restartedMain] .s.d.r.c.RepositoryConfigurationDelegate : Bootstrapping Spring Data JPA repositories in DEFAULT mode.
2025-06-24T17:33:08.890+05:30  INFO 15291 --- [stayease] [  restartedMain] .s.d.r.c.RepositoryConfigurationDelegate : Finished Spring Data repository scanning in 96 ms. Found 3 JPA repository interfaces.
2025-06-24T17:33:09.944+05:30  INFO 15291 --- [stayease] [  restartedMain] o.s.b.w.embedded.tomcat.TomcatWebServer  : Tomcat initialized with port 8081 (http)
2025-06-24T17:33:09.967+05:30  INFO 15291 --- [stayease] [  restartedMain] o.apache.catalina.core.StandardService   : Starting service [Tomcat]
2025-06-24T17:33:09.968+05:30  INFO 15291 --- [stayease] [  restartedMain] o.apache.catalina.core.StandardEngine    : Starting Servlet engine: [Apache Tomcat/10.1.28]
2025-06-24T17:33:10.068+05:30  INFO 15291 --- [stayease] [  restartedMain] o.a.c.c.C.[Tomcat].[localhost].[/]       : Initializing Spring embedded WebApplicationContext
2025-06-24T17:33:10.070+05:30  INFO 15291 --- [stayease] [  restartedMain] w.s.c.ServletWebServerApplicationContext : Root WebApplicationContext: initialization completed in 2540 ms
2025-06-24T17:33:10.367+05:30  INFO 15291 --- [stayease] [  restartedMain] o.hibernate.jpa.internal.util.LogHelper  : HHH000204: Processing PersistenceUnitInfo [name: default]
2025-06-24T17:33:10.443+05:30  INFO 15291 --- [stayease] [  restartedMain] org.hibernate.Version                    : HHH000412: Hibernate ORM core version 6.5.2.Final
2025-06-24T17:33:10.487+05:30  INFO 15291 --- [stayease] [  restartedMain] o.h.c.internal.RegionFactoryInitiator    : HHH000026: Second-level cache disabled
2025-06-24T17:33:10.988+05:30  INFO 15291 --- [stayease] [  restartedMain] o.s.o.j.p.SpringPersistenceUnitInfo      : No LoadTimeWeaver setup: ignoring JPA class transformer
2025-06-24T17:33:11.054+05:30  INFO 15291 --- [stayease] [  restartedMain] com.zaxxer.hikari.HikariDataSource       : HikariPool-1 - Starting...
2025-06-24T17:33:11.551+05:30  INFO 15291 --- [stayease] [  restartedMain] com.zaxxer.hikari.pool.HikariPool        : HikariPool-1 - Added connection com.mysql.cj.jdbc.ConnectionImpl@11ef41c0
2025-06-24T17:33:11.554+05:30  INFO 15291 --- [stayease] [  restartedMain] com.zaxxer.hikari.HikariDataSource       : HikariPool-1 - Start completed.
2025-06-24T17:33:11.651+05:30  WARN 15291 --- [stayease] [  restartedMain] org.hibernate.dialect.Dialect            : HHH000511: The 5.7.42 version for [org.hibernate.dialect.MySQLDialect] is no longer supported, hence certain features may not work properly. The minimum supported version is 8.0.0. Check the community dialects project for available legacy versions.
2025-06-24T17:33:12.968+05:30  INFO 15291 --- [stayease] [  restartedMain] o.h.e.t.j.p.i.JtaPlatformInitiator       : HHH000489: No JTA platform available (set 'hibernate.transaction.jta.platform' to enable JTA platform integration)
2025-06-24T17:33:13.061+05:30  INFO 15291 --- [stayease] [  restartedMain] j.LocalContainerEntityManagerFactoryBean : Initialized JPA EntityManagerFactory for persistence unit 'default'
2025-06-24T17:33:13.704+05:30  INFO 15291 --- [stayease] [  restartedMain] eAuthenticationProviderManagerConfigurer : Global AuthenticationManager configured with AuthenticationProvider bean with name authenticationProvider
2025-06-24T17:33:13.705+05:30  WARN 15291 --- [stayease] [  restartedMain] r$InitializeUserDetailsManagerConfigurer : Global AuthenticationManager configured with an AuthenticationProvider bean. UserDetailsService beans will not be used for username/password login. Consider removing the AuthenticationProvider bean. Alternatively, consider using the UserDetailsService in a manually instantiated DaoAuthenticationProvider.
2025-06-24T17:33:13.899+05:30  WARN 15291 --- [stayease] [  restartedMain] JpaBaseConfiguration$JpaWebConfiguration : spring.jpa.open-in-view is enabled by default. Therefore, database queries may be performed during view rendering. Explicitly configure spring.jpa.open-in-view to disable this warning
2025-06-24T17:33:14.862+05:30  INFO 15291 --- [stayease] [  restartedMain] o.s.b.d.a.OptionalLiveReloadServer       : LiveReload server is running on port 35729
2025-06-24T17:33:14.902+05:30  INFO 15291 --- [stayease] [  restartedMain] o.s.b.w.embedded.tomcat.TomcatWebServer  : Tomcat started on port 8081 (http) with context path '/'
2025-06-24T17:33:14.921+05:30  INFO 15291 --- [stayease] [  restartedMain] c.takehome.stayease.StayeaseApplication  : Started StayeaseApplication in 8.168 seconds (process running for 8.778)
2025-06-24T17:33:16.105+05:30  INFO 15291 --- [stayease] [nio-8081-exec-2] o.a.c.c.C.[Tomcat].[localhost].[/]       : Initializing Spring DispatcherServlet 'dispatcherServlet'
2025-06-24T17:33:16.105+05:30  INFO 15291 --- [stayease] [nio-8081-exec-2] o.s.web.servlet.DispatcherServlet        : Initializing Servlet 'dispatcherServlet'
2025-06-24T17:33:16.107+05:30  INFO 15291 --- [stayease] [nio-8081-exec-2] o.s.web.servlet.DispatcherServlet        : Completed initialization in 2 ms
2025-06-24T17:33:17.000+05:30  WARN 15291 --- [stayease] [nio-8081-exec-5] .m.m.a.ExceptionHandlerExceptionResolver : Resolved [org.springframework.web.bind.MethodArgumentNotValidException: Validation failed for argument [0] in public org.springframework.http.ResponseEntity<com.takehome.stayease.DTO.ResponseDto.AuthResponseDto> com.takehome.stayease.Controller.AuthController.registerUser(com.takehome.stayease.DTO.RequestDto.UserRequestDto): [Field error in object 'userRequestDto' on field 'password': rejected value [weak]; codes [Size.userRequestDto.password,Size.password,Size.java.lang.String,Size]; arguments [org.springframework.context.support.DefaultMessageSourceResolvable: codes [userRequestDto.password,password]; arguments []; default message [password],2147483647,7]; default message [Password must be at least 7 characters]] ]
2025-06-24T17:33:17.013+05:30  WARN 15291 --- [stayease] [nio-8081-exec-4] .m.m.a.ExceptionHandlerExceptionResolver : Resolved [org.springframework.web.bind.MethodArgumentNotValidException: Validation failed for argument [0] in public org.springframework.http.ResponseEntity<com.takehome.stayease.DTO.ResponseDto.AuthResponseDto> com.takehome.stayease.Controller.AuthController.registerUser(com.takehome.stayease.DTO.RequestDto.UserRequestDto): [Field error in object 'userRequestDto' on field 'email': rejected value [invalid-email]; codes [Email.userRequestDto.email,Email.email,Email.java.lang.String,Email]; arguments [org.springframework.context.support.DefaultMessageSourceResolvable: codes [userRequestDto.email,email]; arguments []; default message [email],[Ljakarta.validation.constraints.Pattern$Flag;@375066e9,.*]; default message [invalid email format]] ]
2025-06-24T17:33:17.687+05:30  WARN 15291 --- [stayease] [nio-8081-exec-7] .m.m.a.ExceptionHandlerExceptionResolver : Resolved [org.springframework.security.authentication.BadCredentialsException: Bad credentials]
2025-06-24T17:33:17.924+05:30  WARN 15291 --- [stayease] [nio-8081-exec-5] .m.m.a.ExceptionHandlerExceptionResolver : Resolved [org.springframework.security.authorization.AuthorizationDeniedException: Access Denied]
2025-06-24T17:33:18.071+05:30  WARN 15291 --- [stayease] [nio-8081-exec-7] .m.m.a.ExceptionHandlerExceptionResolver : Resolved [org.springframework.security.authorization.AuthorizationDeniedException: Access Denied]
2025-06-24T17:33:18.200+05:30  WARN 15291 --- [stayease] [nio-8081-exec-5] .m.m.a.ExceptionHandlerExceptionResolver : Resolved [com.takehome.stayease.Exception.ResourceNotFoundException: No rooms available]
2025-06-24T17:33:18.301+05:30  WARN 15291 --- [stayease] [nio-8081-exec-9] .m.m.a.ExceptionHandlerExceptionResolver : Resolved [org.springframework.security.authorization.AuthorizationDeniedException: Access Denied]
